The system is: Linux - 3.11.10-34-desktop - x86_64
Compiling the C compiler identification source file "CMakeCCompilerId.c" succeeded.
Compiler: /home/aditya/gcc-5.2.0-build/bin/gcc-5.2 
Build flags: 
Id flags: 

The output was:
0


Compilation of the C compiler identification source "CMakeCCompilerId.c" produced "a.out"

The C compiler identification is GNU, found in "/home/aditya/Myprojects/FVENS/build/CMakeFiles/2.8.11.2/CompilerIdC/a.out"

Compiling the CXX compiler identification source file "CMakeCXXCompilerId.cpp" succeeded.
Compiler: /home/aditya/gcc-5.2.0-build/bin/g++-5.2 
Build flags: 
Id flags: 

The output was:
0


Compilation of the CXX compiler identification source "CMakeCXXCompilerId.cpp" produced "a.out"

The CXX compiler identification is GNU, found in "/home/aditya/Myprojects/FVENS/build/CMakeFiles/2.8.11.2/CompilerIdCXX/a.out"

Determining if the C compiler works passed with the following output:
Change Dir: /home/aditya/Myprojects/FVENS/build/CMakeFiles/CMakeTmp

Run Build Command:/usr/bin/gmake "cmTryCompileExec2143529630/fast"
/usr/bin/gmake -f CMakeFiles/cmTryCompileExec2143529630.dir/build.make CMakeFiles/cmTryCompileExec2143529630.dir/build
gmake[1]: Entering directory `/home/aditya/Myprojects/FVENS/build/CMakeFiles/CMakeTmp'
/usr/bin/cmake -E cmake_progress_report /home/aditya/Myprojects/FVENS/build/CMakeFiles/CMakeTmp/CMakeFiles 1
Building C object CMakeFiles/cmTryCompileExec2143529630.dir/testCCompiler.c.o
/home/aditya/gcc-5.2.0-build/bin/gcc-5.2    -o CMakeFiles/cmTryCompileExec2143529630.dir/testCCompiler.c.o   -c /home/aditya/Myprojects/FVENS/build/CMakeFiles/CMakeTmp/testCCompiler.c
Linking C executable cmTryCompileExec2143529630
/usr/bin/cmake -E cmake_link_script CMakeFiles/cmTryCompileExec2143529630.dir/link.txt --verbose=1
/home/aditya/gcc-5.2.0-build/bin/gcc-5.2         CMakeFiles/cmTryCompileExec2143529630.dir/testCCompiler.c.o  -o cmTryCompileExec2143529630 -rdynamic 
gmake[1]: Leaving directory `/home/aditya/Myprojects/FVENS/build/CMakeFiles/CMakeTmp'


Detecting C compiler ABI info compiled with the following output:
Change Dir: /home/aditya/Myprojects/FVENS/build/CMakeFiles/CMakeTmp

Run Build Command:/usr/bin/gmake "cmTryCompileExec2153259500/fast"
/usr/bin/gmake -f CMakeFiles/cmTryCompileExec2153259500.dir/build.make CMakeFiles/cmTryCompileExec2153259500.dir/build
gmake[1]: Entering directory `/home/aditya/Myprojects/FVENS/build/CMakeFiles/CMakeTmp'
/usr/bin/cmake -E cmake_progress_report /home/aditya/Myprojects/FVENS/build/CMakeFiles/CMakeTmp/CMakeFiles 1
Building C object CMakeFiles/cmTryCompileExec2153259500.dir/CMakeCCompilerABI.c.o
/home/aditya/gcc-5.2.0-build/bin/gcc-5.2    -o CMakeFiles/cmTryCompileExec2153259500.dir/CMakeCCompilerABI.c.o   -c /usr/share/cmake/Modules/CMakeCCompilerABI.c
Linking C executable cmTryCompileExec2153259500
/usr/bin/cmake -E cmake_link_script CMakeFiles/cmTryCompileExec2153259500.dir/link.txt --verbose=1
/home/aditya/gcc-5.2.0-build/bin/gcc-5.2       -v CMakeFiles/cmTryCompileExec2153259500.dir/CMakeCCompilerABI.c.o  -o cmTryCompileExec2153259500 -rdynamic  
Using built-in specs.
COLLECT_GCC=/home/aditya/gcc-5.2.0-build/bin/gcc-5.2
COLLECT_LTO_WRAPPER=/home/aditya/gcc-5.2.0-build/lib/gcc/x86_64-unknown-linux-gnu/5.2.0/lto-wrapper
Target: x86_64-unknown-linux-gnu
Configured with: ../gcc-5.2.0/configure --enable-threads --program-suffix=-5.2 --enable-languages=c,c++,fortran --disable-multilib --prefix=/home/aditya/gcc-5.2.0-build
Thread model: posix
gcc version 5.2.0 (GCC) 
COMPILER_PATH=/home/aditya/gcc-5.2.0-build/lib/gcc/x86_64-unknown-linux-gnu/5.2.0/:/home/aditya/gcc-5.2.0-build/lib/gcc/x86_64-unknown-linux-gnu/5.2.0/:/home/aditya/gcc-5.2.0-build/lib/gcc/x86_64-unknown-linux-gnu/:/home/aditya/gcc-5.2.0-build/lib64/gcc/x86_64-unknown-linux-gnu/5.2.0/:/home/aditya/gcc-5.2.0-build/lib64/gcc/x86_64-unknown-linux-gnu/
LIBRARY_PATH=/home/aditya/gcc-5.2.0-build/lib64/gcc/x86_64-unknown-linux-gnu/5.2.0/:/home/aditya/gcc-5.2.0-build/lib64/gcc/x86_64-unknown-linux-gnu/5.2.0/../../../../lib64/:/lib/../lib64/:/usr/lib/../lib64/:/home/aditya/gcc-5.2.0-build/lib64/gcc/x86_64-unknown-linux-gnu/5.2.0/../../../:/lib/:/usr/lib/
COLLECT_GCC_OPTIONS='-v' '-o' 'cmTryCompileExec2153259500' '-rdynamic' '-mtune=generic' '-march=x86-64'
 /home/aditya/gcc-5.2.0-build/lib/gcc/x86_64-unknown-linux-gnu/5.2.0/collect2 -plugin /home/aditya/gcc-5.2.0-build/lib/gcc/x86_64-unknown-linux-gnu/5.2.0/liblto_plugin.so -plugin-opt=/home/aditya/gcc-5.2.0-build/lib/gcc/x86_64-unknown-linux-gnu/5.2.0/lto-wrapper -plugin-opt=-fresolution=/tmp/ccep396z.res -plugin-opt=-pass-through=-lgcc -plugin-opt=-pass-through=-lgcc_s -plugin-opt=-pass-through=-lc -plugin-opt=-pass-through=-lgcc -plugin-opt=-pass-through=-lgcc_s --eh-frame-hdr -m elf_x86_64 -export-dynamic -dynamic-linker /lib64/ld-linux-x86-64.so.2 -o cmTryCompileExec2153259500 /usr/lib/../lib64/crt1.o /usr/lib/../lib64/crti.o /home/aditya/gcc-5.2.0-build/lib64/gcc/x86_64-unknown-linux-gnu/5.2.0/crtbegin.o -L/home/aditya/gcc-5.2.0-build/lib64/gcc/x86_64-unknown-linux-gnu/5.2.0 -L/home/aditya/gcc-5.2.0-build/lib64/gcc/x86_64-unknown-linux-gnu/5.2.0/../../../../lib64 -L/lib/../lib64 -L/usr/lib/../lib64 -L/home/aditya/gcc-5.2.0-build/lib64/gcc/x86_64-unknown-linux-gnu/5.2.0/../../.. CMakeFiles/cmTryCompileExec2153259500.dir/CMakeCCompilerABI.c.o -lgcc --as-needed -lgcc_s --no-as-needed -lc -lgcc --as-needed -lgcc_s --no-as-needed /home/aditya/gcc-5.2.0-build/lib64/gcc/x86_64-unknown-linux-gnu/5.2.0/crtend.o /usr/lib/../lib64/crtn.o
gmake[1]: Leaving directory `/home/aditya/Myprojects/FVENS/build/CMakeFiles/CMakeTmp'


Parsed C implicit link information from above output:
  link line regex: [^( *|.*[/\])(ld|ld|collect2)[^/\]*( |$)]
  ignore line: [Change Dir: /home/aditya/Myprojects/FVENS/build/CMakeFiles/CMakeTmp]
  ignore line: []
  ignore line: [Run Build Command:/usr/bin/gmake "cmTryCompileExec2153259500/fast"]
  ignore line: [/usr/bin/gmake -f CMakeFiles/cmTryCompileExec2153259500.dir/build.make CMakeFiles/cmTryCompileExec2153259500.dir/build]
  ignore line: [gmake[1]: Entering directory `/home/aditya/Myprojects/FVENS/build/CMakeFiles/CMakeTmp']
  ignore line: [/usr/bin/cmake -E cmake_progress_report /home/aditya/Myprojects/FVENS/build/CMakeFiles/CMakeTmp/CMakeFiles 1]
  ignore line: [Building C object CMakeFiles/cmTryCompileExec2153259500.dir/CMakeCCompilerABI.c.o]
  ignore line: [/home/aditya/gcc-5.2.0-build/bin/gcc-5.2    -o CMakeFiles/cmTryCompileExec2153259500.dir/CMakeCCompilerABI.c.o   -c /usr/share/cmake/Modules/CMakeCCompilerABI.c]
  ignore line: [Linking C executable cmTryCompileExec2153259500]
  ignore line: [/usr/bin/cmake -E cmake_link_script CMakeFiles/cmTryCompileExec2153259500.dir/link.txt --verbose=1]
  ignore line: [/home/aditya/gcc-5.2.0-build/bin/gcc-5.2       -v CMakeFiles/cmTryCompileExec2153259500.dir/CMakeCCompilerABI.c.o  -o cmTryCompileExec2153259500 -rdynamic  ]
  ignore line: [Using built-in specs.]
  ignore line: [COLLECT_GCC=/home/aditya/gcc-5.2.0-build/bin/gcc-5.2]
  ignore line: [COLLECT_LTO_WRAPPER=/home/aditya/gcc-5.2.0-build/lib/gcc/x86_64-unknown-linux-gnu/5.2.0/lto-wrapper]
  ignore line: [Target: x86_64-unknown-linux-gnu]
  ignore line: [Configured with: ../gcc-5.2.0/configure --enable-threads --program-suffix=-5.2 --enable-languages=c,c++,fortran --disable-multilib --prefix=/home/aditya/gcc-5.2.0-build]
  ignore line: [Thread model: posix]
  ignore line: [gcc version 5.2.0 (GCC) ]
  ignore line: [COMPILER_PATH=/home/aditya/gcc-5.2.0-build/lib/gcc/x86_64-unknown-linux-gnu/5.2.0/:/home/aditya/gcc-5.2.0-build/lib/gcc/x86_64-unknown-linux-gnu/5.2.0/:/home/aditya/gcc-5.2.0-build/lib/gcc/x86_64-unknown-linux-gnu/:/home/aditya/gcc-5.2.0-build/lib64/gcc/x86_64-unknown-linux-gnu/5.2.0/:/home/aditya/gcc-5.2.0-build/lib64/gcc/x86_64-unknown-linux-gnu/]
  ignore line: [LIBRARY_PATH=/home/aditya/gcc-5.2.0-build/lib64/gcc/x86_64-unknown-linux-gnu/5.2.0/:/home/aditya/gcc-5.2.0-build/lib64/gcc/x86_64-unknown-linux-gnu/5.2.0/../../../../lib64/:/lib/../lib64/:/usr/lib/../lib64/:/home/aditya/gcc-5.2.0-build/lib64/gcc/x86_64-unknown-linux-gnu/5.2.0/../../../:/lib/:/usr/lib/]
  ignore line: [COLLECT_GCC_OPTIONS='-v' '-o' 'cmTryCompileExec2153259500' '-rdynamic' '-mtune=generic' '-march=x86-64']
  link line: [ /home/aditya/gcc-5.2.0-build/lib/gcc/x86_64-unknown-linux-gnu/5.2.0/collect2 -plugin /home/aditya/gcc-5.2.0-build/lib/gcc/x86_64-unknown-linux-gnu/5.2.0/liblto_plugin.so -plugin-opt=/home/aditya/gcc-5.2.0-build/lib/gcc/x86_64-unknown-linux-gnu/5.2.0/lto-wrapper -plugin-opt=-fresolution=/tmp/ccep396z.res -plugin-opt=-pass-through=-lgcc -plugin-opt=-pass-through=-lgcc_s -plugin-opt=-pass-through=-lc -plugin-opt=-pass-through=-lgcc -plugin-opt=-pass-through=-lgcc_s --eh-frame-hdr -m elf_x86_64 -export-dynamic -dynamic-linker /lib64/ld-linux-x86-64.so.2 -o cmTryCompileExec2153259500 /usr/lib/../lib64/crt1.o /usr/lib/../lib64/crti.o /home/aditya/gcc-5.2.0-build/lib64/gcc/x86_64-unknown-linux-gnu/5.2.0/crtbegin.o -L/home/aditya/gcc-5.2.0-build/lib64/gcc/x86_64-unknown-linux-gnu/5.2.0 -L/home/aditya/gcc-5.2.0-build/lib64/gcc/x86_64-unknown-linux-gnu/5.2.0/../../../../lib64 -L/lib/../lib64 -L/usr/lib/../lib64 -L/home/aditya/gcc-5.2.0-build/lib64/gcc/x86_64-unknown-linux-gnu/5.2.0/../../.. CMakeFiles/cmTryCompileExec2153259500.dir/CMakeCCompilerABI.c.o -lgcc --as-needed -lgcc_s --no-as-needed -lc -lgcc --as-needed -lgcc_s --no-as-needed /home/aditya/gcc-5.2.0-build/lib64/gcc/x86_64-unknown-linux-gnu/5.2.0/crtend.o /usr/lib/../lib64/crtn.o]
    arg [/home/aditya/gcc-5.2.0-build/lib/gcc/x86_64-unknown-linux-gnu/5.2.0/collect2] ==> ignore
    arg [-plugin] ==> ignore
    arg [/home/aditya/gcc-5.2.0-build/lib/gcc/x86_64-unknown-linux-gnu/5.2.0/liblto_plugin.so] ==> ignore
    arg [-plugin-opt=/home/aditya/gcc-5.2.0-build/lib/gcc/x86_64-unknown-linux-gnu/5.2.0/lto-wrapper] ==> ignore
    arg [-plugin-opt=-fresolution=/tmp/ccep396z.res] ==> ignore
    arg [-plugin-opt=-pass-through=-lgcc] ==> ignore
    arg [-plugin-opt=-pass-through=-lgcc_s] ==> ignore
    arg [-plugin-opt=-pass-through=-lc] ==> ignore
    arg [-plugin-opt=-pass-through=-lgcc] ==> ignore
    arg [-plugin-opt=-pass-through=-lgcc_s] ==> ignore
    arg [--eh-frame-hdr] ==> ignore
    arg [-m] ==> ignore
    arg [elf_x86_64] ==> ignore
    arg [-export-dynamic] ==> ignore
    arg [-dynamic-linker] ==> ignore
    arg [/lib64/ld-linux-x86-64.so.2] ==> ignore
    arg [-o] ==> ignore
    arg [cmTryCompileExec2153259500] ==> ignore
    arg [/usr/lib/../lib64/crt1.o] ==> ignore
    arg [/usr/lib/../lib64/crti.o] ==> ignore
    arg [/home/aditya/gcc-5.2.0-build/lib64/gcc/x86_64-unknown-linux-gnu/5.2.0/crtbegin.o] ==> ignore
    arg [-L/home/aditya/gcc-5.2.0-build/lib64/gcc/x86_64-unknown-linux-gnu/5.2.0] ==> dir [/home/aditya/gcc-5.2.0-build/lib64/gcc/x86_64-unknown-linux-gnu/5.2.0]
    arg [-L/home/aditya/gcc-5.2.0-build/lib64/gcc/x86_64-unknown-linux-gnu/5.2.0/../../../../lib64] ==> dir [/home/aditya/gcc-5.2.0-build/lib64/gcc/x86_64-unknown-linux-gnu/5.2.0/../../../../lib64]
    arg [-L/lib/../lib64] ==> dir [/lib/../lib64]
    arg [-L/usr/lib/../lib64] ==> dir [/usr/lib/../lib64]
    arg [-L/home/aditya/gcc-5.2.0-build/lib64/gcc/x86_64-unknown-linux-gnu/5.2.0/../../..] ==> dir [/home/aditya/gcc-5.2.0-build/lib64/gcc/x86_64-unknown-linux-gnu/5.2.0/../../..]
    arg [CMakeFiles/cmTryCompileExec2153259500.dir/CMakeCCompilerABI.c.o] ==> ignore
    arg [-lgcc] ==> lib [gcc]
    arg [--as-needed] ==> ignore
    arg [-lgcc_s] ==> lib [gcc_s]
    arg [--no-as-needed] ==> ignore
    arg [-lc] ==> lib [c]
    arg [-lgcc] ==> lib [gcc]
    arg [--as-needed] ==> ignore
    arg [-lgcc_s] ==> lib [gcc_s]
    arg [--no-as-needed] ==> ignore
    arg [/home/aditya/gcc-5.2.0-build/lib64/gcc/x86_64-unknown-linux-gnu/5.2.0/crtend.o] ==> ignore
    arg [/usr/lib/../lib64/crtn.o] ==> ignore
  remove lib [gcc]
  remove lib [gcc_s]
  remove lib [gcc]
  remove lib [gcc_s]
  collapse library dir [/home/aditya/gcc-5.2.0-build/lib64/gcc/x86_64-unknown-linux-gnu/5.2.0] ==> [/home/aditya/gcc-5.2.0-build/lib64/gcc/x86_64-unknown-linux-gnu/5.2.0]
  collapse library dir [/home/aditya/gcc-5.2.0-build/lib64/gcc/x86_64-unknown-linux-gnu/5.2.0/../../../../lib64] ==> [/home/aditya/gcc-5.2.0-build/lib64]
  collapse library dir [/lib/../lib64] ==> [/lib64]
  collapse library dir [/usr/lib/../lib64] ==> [/usr/lib64]
  collapse library dir [/home/aditya/gcc-5.2.0-build/lib64/gcc/x86_64-unknown-linux-gnu/5.2.0/../../..] ==> [/home/aditya/gcc-5.2.0-build/lib64]
  implicit libs: [c]
  implicit dirs: [/home/aditya/gcc-5.2.0-build/lib64/gcc/x86_64-unknown-linux-gnu/5.2.0;/home/aditya/gcc-5.2.0-build/lib64;/lib64;/usr/lib64]
  implicit fwks: []


Determining if the CXX compiler works passed with the following output:
Change Dir: /home/aditya/Myprojects/FVENS/build/CMakeFiles/CMakeTmp

Run Build Command:/usr/bin/gmake "cmTryCompileExec4206828501/fast"
/usr/bin/gmake -f CMakeFiles/cmTryCompileExec4206828501.dir/build.make CMakeFiles/cmTryCompileExec4206828501.dir/build
gmake[1]: Entering directory `/home/aditya/Myprojects/FVENS/build/CMakeFiles/CMakeTmp'
/usr/bin/cmake -E cmake_progress_report /home/aditya/Myprojects/FVENS/build/CMakeFiles/CMakeTmp/CMakeFiles 1
Building CXX object CMakeFiles/cmTryCompileExec4206828501.dir/testCXXCompiler.cxx.o
/home/aditya/gcc-5.2.0-build/bin/g++-5.2     -o CMakeFiles/cmTryCompileExec4206828501.dir/testCXXCompiler.cxx.o -c /home/aditya/Myprojects/FVENS/build/CMakeFiles/CMakeTmp/testCXXCompiler.cxx
Linking CXX executable cmTryCompileExec4206828501
/usr/bin/cmake -E cmake_link_script CMakeFiles/cmTryCompileExec4206828501.dir/link.txt --verbose=1
/home/aditya/gcc-5.2.0-build/bin/g++-5.2          CMakeFiles/cmTryCompileExec4206828501.dir/testCXXCompiler.cxx.o  -o cmTryCompileExec4206828501 -rdynamic 
gmake[1]: Leaving directory `/home/aditya/Myprojects/FVENS/build/CMakeFiles/CMakeTmp'


Detecting CXX compiler ABI info compiled with the following output:
Change Dir: /home/aditya/Myprojects/FVENS/build/CMakeFiles/CMakeTmp

Run Build Command:/usr/bin/gmake "cmTryCompileExec39222216/fast"
/usr/bin/gmake -f CMakeFiles/cmTryCompileExec39222216.dir/build.make CMakeFiles/cmTryCompileExec39222216.dir/build
gmake[1]: Entering directory `/home/aditya/Myprojects/FVENS/build/CMakeFiles/CMakeTmp'
/usr/bin/cmake -E cmake_progress_report /home/aditya/Myprojects/FVENS/build/CMakeFiles/CMakeTmp/CMakeFiles 1
Building CXX object CMakeFiles/cmTryCompileExec39222216.dir/CMakeCXXCompilerABI.cpp.o
/home/aditya/gcc-5.2.0-build/bin/g++-5.2     -o CMakeFiles/cmTryCompileExec39222216.dir/CMakeCXXCompilerABI.cpp.o -c /usr/share/cmake/Modules/CMakeCXXCompilerABI.cpp
Linking CXX executable cmTryCompileExec39222216
/usr/bin/cmake -E cmake_link_script CMakeFiles/cmTryCompileExec39222216.dir/link.txt --verbose=1
/home/aditya/gcc-5.2.0-build/bin/g++-5.2        -v CMakeFiles/cmTryCompileExec39222216.dir/CMakeCXXCompilerABI.cpp.o  -o cmTryCompileExec39222216 -rdynamic  
Using built-in specs.
COLLECT_GCC=/home/aditya/gcc-5.2.0-build/bin/g++-5.2
COLLECT_LTO_WRAPPER=/home/aditya/gcc-5.2.0-build/lib/gcc/x86_64-unknown-linux-gnu/5.2.0/lto-wrapper
Target: x86_64-unknown-linux-gnu
Configured with: ../gcc-5.2.0/configure --enable-threads --program-suffix=-5.2 --enable-languages=c,c++,fortran --disable-multilib --prefix=/home/aditya/gcc-5.2.0-build
Thread model: posix
gcc version 5.2.0 (GCC) 
COMPILER_PATH=/home/aditya/gcc-5.2.0-build/lib/gcc/x86_64-unknown-linux-gnu/5.2.0/:/home/aditya/gcc-5.2.0-build/lib/gcc/x86_64-unknown-linux-gnu/5.2.0/:/home/aditya/gcc-5.2.0-build/lib/gcc/x86_64-unknown-linux-gnu/:/home/aditya/gcc-5.2.0-build/lib64/gcc/x86_64-unknown-linux-gnu/5.2.0/:/home/aditya/gcc-5.2.0-build/lib64/gcc/x86_64-unknown-linux-gnu/
LIBRARY_PATH=/home/aditya/gcc-5.2.0-build/lib64/gcc/x86_64-unknown-linux-gnu/5.2.0/:/home/aditya/gcc-5.2.0-build/lib64/gcc/x86_64-unknown-linux-gnu/5.2.0/../../../../lib64/:/lib/../lib64/:/usr/lib/../lib64/:/home/aditya/gcc-5.2.0-build/lib64/gcc/x86_64-unknown-linux-gnu/5.2.0/../../../:/lib/:/usr/lib/
COLLECT_GCC_OPTIONS='-v' '-o' 'cmTryCompileExec39222216' '-rdynamic' '-shared-libgcc' '-mtune=generic' '-march=x86-64'
 /home/aditya/gcc-5.2.0-build/lib/gcc/x86_64-unknown-linux-gnu/5.2.0/collect2 -plugin /home/aditya/gcc-5.2.0-build/lib/gcc/x86_64-unknown-linux-gnu/5.2.0/liblto_plugin.so -plugin-opt=/home/aditya/gcc-5.2.0-build/lib/gcc/x86_64-unknown-linux-gnu/5.2.0/lto-wrapper -plugin-opt=-fresolution=/tmp/ccsgP8qT.res -plugin-opt=-pass-through=-lgcc_s -plugin-opt=-pass-through=-lgcc -plugin-opt=-pass-through=-lc -plugin-opt=-pass-through=-lgcc_s -plugin-opt=-pass-through=-lgcc --eh-frame-hdr -m elf_x86_64 -export-dynamic -dynamic-linker /lib64/ld-linux-x86-64.so.2 -o cmTryCompileExec39222216 /usr/lib/../lib64/crt1.o /usr/lib/../lib64/crti.o /home/aditya/gcc-5.2.0-build/lib64/gcc/x86_64-unknown-linux-gnu/5.2.0/crtbegin.o -L/home/aditya/gcc-5.2.0-build/lib64/gcc/x86_64-unknown-linux-gnu/5.2.0 -L/home/aditya/gcc-5.2.0-build/lib64/gcc/x86_64-unknown-linux-gnu/5.2.0/../../../../lib64 -L/lib/../lib64 -L/usr/lib/../lib64 -L/home/aditya/gcc-5.2.0-build/lib64/gcc/x86_64-unknown-linux-gnu/5.2.0/../../.. CMakeFiles/cmTryCompileExec39222216.dir/CMakeCXXCompilerABI.cpp.o -lstdc++ -lm -lgcc_s -lgcc -lc -lgcc_s -lgcc /home/aditya/gcc-5.2.0-build/lib64/gcc/x86_64-unknown-linux-gnu/5.2.0/crtend.o /usr/lib/../lib64/crtn.o
gmake[1]: Leaving directory `/home/aditya/Myprojects/FVENS/build/CMakeFiles/CMakeTmp'


Parsed CXX implicit link information from above output:
  link line regex: [^( *|.*[/\])(ld|ld|collect2)[^/\]*( |$)]
  ignore line: [Change Dir: /home/aditya/Myprojects/FVENS/build/CMakeFiles/CMakeTmp]
  ignore line: []
  ignore line: [Run Build Command:/usr/bin/gmake "cmTryCompileExec39222216/fast"]
  ignore line: [/usr/bin/gmake -f CMakeFiles/cmTryCompileExec39222216.dir/build.make CMakeFiles/cmTryCompileExec39222216.dir/build]
  ignore line: [gmake[1]: Entering directory `/home/aditya/Myprojects/FVENS/build/CMakeFiles/CMakeTmp']
  ignore line: [/usr/bin/cmake -E cmake_progress_report /home/aditya/Myprojects/FVENS/build/CMakeFiles/CMakeTmp/CMakeFiles 1]
  ignore line: [Building CXX object CMakeFiles/cmTryCompileExec39222216.dir/CMakeCXXCompilerABI.cpp.o]
  ignore line: [/home/aditya/gcc-5.2.0-build/bin/g++-5.2     -o CMakeFiles/cmTryCompileExec39222216.dir/CMakeCXXCompilerABI.cpp.o -c /usr/share/cmake/Modules/CMakeCXXCompilerABI.cpp]
  ignore line: [Linking CXX executable cmTryCompileExec39222216]
  ignore line: [/usr/bin/cmake -E cmake_link_script CMakeFiles/cmTryCompileExec39222216.dir/link.txt --verbose=1]
  ignore line: [/home/aditya/gcc-5.2.0-build/bin/g++-5.2        -v CMakeFiles/cmTryCompileExec39222216.dir/CMakeCXXCompilerABI.cpp.o  -o cmTryCompileExec39222216 -rdynamic  ]
  ignore line: [Using built-in specs.]
  ignore line: [COLLECT_GCC=/home/aditya/gcc-5.2.0-build/bin/g++-5.2]
  ignore line: [COLLECT_LTO_WRAPPER=/home/aditya/gcc-5.2.0-build/lib/gcc/x86_64-unknown-linux-gnu/5.2.0/lto-wrapper]
  ignore line: [Target: x86_64-unknown-linux-gnu]
  ignore line: [Configured with: ../gcc-5.2.0/configure --enable-threads --program-suffix=-5.2 --enable-languages=c,c++,fortran --disable-multilib --prefix=/home/aditya/gcc-5.2.0-build]
  ignore line: [Thread model: posix]
  ignore line: [gcc version 5.2.0 (GCC) ]
  ignore line: [COMPILER_PATH=/home/aditya/gcc-5.2.0-build/lib/gcc/x86_64-unknown-linux-gnu/5.2.0/:/home/aditya/gcc-5.2.0-build/lib/gcc/x86_64-unknown-linux-gnu/5.2.0/:/home/aditya/gcc-5.2.0-build/lib/gcc/x86_64-unknown-linux-gnu/:/home/aditya/gcc-5.2.0-build/lib64/gcc/x86_64-unknown-linux-gnu/5.2.0/:/home/aditya/gcc-5.2.0-build/lib64/gcc/x86_64-unknown-linux-gnu/]
  ignore line: [LIBRARY_PATH=/home/aditya/gcc-5.2.0-build/lib64/gcc/x86_64-unknown-linux-gnu/5.2.0/:/home/aditya/gcc-5.2.0-build/lib64/gcc/x86_64-unknown-linux-gnu/5.2.0/../../../../lib64/:/lib/../lib64/:/usr/lib/../lib64/:/home/aditya/gcc-5.2.0-build/lib64/gcc/x86_64-unknown-linux-gnu/5.2.0/../../../:/lib/:/usr/lib/]
  ignore line: [COLLECT_GCC_OPTIONS='-v' '-o' 'cmTryCompileExec39222216' '-rdynamic' '-shared-libgcc' '-mtune=generic' '-march=x86-64']
  link line: [ /home/aditya/gcc-5.2.0-build/lib/gcc/x86_64-unknown-linux-gnu/5.2.0/collect2 -plugin /home/aditya/gcc-5.2.0-build/lib/gcc/x86_64-unknown-linux-gnu/5.2.0/liblto_plugin.so -plugin-opt=/home/aditya/gcc-5.2.0-build/lib/gcc/x86_64-unknown-linux-gnu/5.2.0/lto-wrapper -plugin-opt=-fresolution=/tmp/ccsgP8qT.res -plugin-opt=-pass-through=-lgcc_s -plugin-opt=-pass-through=-lgcc -plugin-opt=-pass-through=-lc -plugin-opt=-pass-through=-lgcc_s -plugin-opt=-pass-through=-lgcc --eh-frame-hdr -m elf_x86_64 -export-dynamic -dynamic-linker /lib64/ld-linux-x86-64.so.2 -o cmTryCompileExec39222216 /usr/lib/../lib64/crt1.o /usr/lib/../lib64/crti.o /home/aditya/gcc-5.2.0-build/lib64/gcc/x86_64-unknown-linux-gnu/5.2.0/crtbegin.o -L/home/aditya/gcc-5.2.0-build/lib64/gcc/x86_64-unknown-linux-gnu/5.2.0 -L/home/aditya/gcc-5.2.0-build/lib64/gcc/x86_64-unknown-linux-gnu/5.2.0/../../../../lib64 -L/lib/../lib64 -L/usr/lib/../lib64 -L/home/aditya/gcc-5.2.0-build/lib64/gcc/x86_64-unknown-linux-gnu/5.2.0/../../.. CMakeFiles/cmTryCompileExec39222216.dir/CMakeCXXCompilerABI.cpp.o -lstdc++ -lm -lgcc_s -lgcc -lc -lgcc_s -lgcc /home/aditya/gcc-5.2.0-build/lib64/gcc/x86_64-unknown-linux-gnu/5.2.0/crtend.o /usr/lib/../lib64/crtn.o]
    arg [/home/aditya/gcc-5.2.0-build/lib/gcc/x86_64-unknown-linux-gnu/5.2.0/collect2] ==> ignore
    arg [-plugin] ==> ignore
    arg [/home/aditya/gcc-5.2.0-build/lib/gcc/x86_64-unknown-linux-gnu/5.2.0/liblto_plugin.so] ==> ignore
    arg [-plugin-opt=/home/aditya/gcc-5.2.0-build/lib/gcc/x86_64-unknown-linux-gnu/5.2.0/lto-wrapper] ==> ignore
    arg [-plugin-opt=-fresolution=/tmp/ccsgP8qT.res] ==> ignore
    arg [-plugin-opt=-pass-through=-lgcc_s] ==> ignore
    arg [-plugin-opt=-pass-through=-lgcc] ==> ignore
    arg [-plugin-opt=-pass-through=-lc] ==> ignore
    arg [-plugin-opt=-pass-through=-lgcc_s] ==> ignore
    arg [-plugin-opt=-pass-through=-lgcc] ==> ignore
    arg [--eh-frame-hdr] ==> ignore
    arg [-m] ==> ignore
    arg [elf_x86_64] ==> ignore
    arg [-export-dynamic] ==> ignore
    arg [-dynamic-linker] ==> ignore
    arg [/lib64/ld-linux-x86-64.so.2] ==> ignore
    arg [-o] ==> ignore
    arg [cmTryCompileExec39222216] ==> ignore
    arg [/usr/lib/../lib64/crt1.o] ==> ignore
    arg [/usr/lib/../lib64/crti.o] ==> ignore
    arg [/home/aditya/gcc-5.2.0-build/lib64/gcc/x86_64-unknown-linux-gnu/5.2.0/crtbegin.o] ==> ignore
    arg [-L/home/aditya/gcc-5.2.0-build/lib64/gcc/x86_64-unknown-linux-gnu/5.2.0] ==> dir [/home/aditya/gcc-5.2.0-build/lib64/gcc/x86_64-unknown-linux-gnu/5.2.0]
    arg [-L/home/aditya/gcc-5.2.0-build/lib64/gcc/x86_64-unknown-linux-gnu/5.2.0/../../../../lib64] ==> dir [/home/aditya/gcc-5.2.0-build/lib64/gcc/x86_64-unknown-linux-gnu/5.2.0/../../../../lib64]
    arg [-L/lib/../lib64] ==> dir [/lib/../lib64]
    arg [-L/usr/lib/../lib64] ==> dir [/usr/lib/../lib64]
    arg [-L/home/aditya/gcc-5.2.0-build/lib64/gcc/x86_64-unknown-linux-gnu/5.2.0/../../..] ==> dir [/home/aditya/gcc-5.2.0-build/lib64/gcc/x86_64-unknown-linux-gnu/5.2.0/../../..]
    arg [CMakeFiles/cmTryCompileExec39222216.dir/CMakeCXXCompilerABI.cpp.o] ==> ignore
    arg [-lstdc++] ==> lib [stdc++]
    arg [-lm] ==> lib [m]
    arg [-lgcc_s] ==> lib [gcc_s]
    arg [-lgcc] ==> lib [gcc]
    arg [-lc] ==> lib [c]
    arg [-lgcc_s] ==> lib [gcc_s]
    arg [-lgcc] ==> lib [gcc]
    arg [/home/aditya/gcc-5.2.0-build/lib64/gcc/x86_64-unknown-linux-gnu/5.2.0/crtend.o] ==> ignore
    arg [/usr/lib/../lib64/crtn.o] ==> ignore
  remove lib [gcc_s]
  remove lib [gcc]
  remove lib [gcc_s]
  remove lib [gcc]
  collapse library dir [/home/aditya/gcc-5.2.0-build/lib64/gcc/x86_64-unknown-linux-gnu/5.2.0] ==> [/home/aditya/gcc-5.2.0-build/lib64/gcc/x86_64-unknown-linux-gnu/5.2.0]
  collapse library dir [/home/aditya/gcc-5.2.0-build/lib64/gcc/x86_64-unknown-linux-gnu/5.2.0/../../../../lib64] ==> [/home/aditya/gcc-5.2.0-build/lib64]
  collapse library dir [/lib/../lib64] ==> [/lib64]
  collapse library dir [/usr/lib/../lib64] ==> [/usr/lib64]
  collapse library dir [/home/aditya/gcc-5.2.0-build/lib64/gcc/x86_64-unknown-linux-gnu/5.2.0/../../..] ==> [/home/aditya/gcc-5.2.0-build/lib64]
  implicit libs: [stdc++;m;c]
  implicit dirs: [/home/aditya/gcc-5.2.0-build/lib64/gcc/x86_64-unknown-linux-gnu/5.2.0;/home/aditya/gcc-5.2.0-build/lib64;/lib64;/usr/lib64]
  implicit fwks: []


